0 info it worked if it ends with ok
1 verbose cli [ '/usr/local/bin/node',
1 verbose cli   '/usr/local/bin/npm',
1 verbose cli   'install',
1 verbose cli   '-g',
1 verbose cli   'cordova',
1 verbose cli   'ionic' ]
2 info using npm@1.4.28
3 info using node@v0.10.35
4 verbose cache add [ 'cordova', null ]
5 verbose cache add name=undefined spec="cordova" args=["cordova",null]
6 verbose parsed url { protocol: null,
6 verbose parsed url   slashes: null,
6 verbose parsed url   auth: null,
6 verbose parsed url   host: null,
6 verbose parsed url   port: null,
6 verbose parsed url   hostname: null,
6 verbose parsed url   hash: null,
6 verbose parsed url   search: null,
6 verbose parsed url   query: null,
6 verbose parsed url   pathname: 'cordova',
6 verbose parsed url   path: 'cordova',
6 verbose parsed url   href: 'cordova' }
7 verbose cache add [ 'ionic', null ]
8 verbose cache add name=undefined spec="ionic" args=["ionic",null]
9 verbose parsed url { protocol: null,
9 verbose parsed url   slashes: null,
9 verbose parsed url   auth: null,
9 verbose parsed url   host: null,
9 verbose parsed url   port: null,
9 verbose parsed url   hostname: null,
9 verbose parsed url   hash: null,
9 verbose parsed url   search: null,
9 verbose parsed url   query: null,
9 verbose parsed url   pathname: 'ionic',
9 verbose parsed url   path: 'ionic',
9 verbose parsed url   href: 'ionic' }
10 silly lockFile a98f2055-cordova cordova
11 verbose lock cordova /Users/JakeCox/.npm/a98f2055-cordova.lock
12 silly lockFile 00d10074-ionic ionic
13 verbose lock ionic /Users/JakeCox/.npm/00d10074-ionic.lock
14 silly lockFile 00d10074-ionic ionic
15 silly lockFile 00d10074-ionic ionic
16 silly lockFile a98f2055-cordova cordova
17 silly lockFile a98f2055-cordova cordova
18 verbose addNamed [ 'ionic', '' ]
19 verbose addNamed [ null, '*' ]
20 silly lockFile 966fc04a-ionic ionic@
21 verbose lock ionic@ /Users/JakeCox/.npm/966fc04a-ionic.lock
22 verbose addNamed [ 'cordova', '' ]
23 verbose addNamed [ null, '*' ]
24 silly lockFile de8d9fad-cordova cordova@
25 verbose lock cordova@ /Users/JakeCox/.npm/de8d9fad-cordova.lock
26 silly addNameRange { name: 'ionic', range: '*', hasData: false }
27 verbose request where is /ionic
28 verbose request registry https://registry.npmjs.org/
29 verbose request id e278852f55bb5b45
30 verbose url raw /ionic
31 verbose url resolving [ 'https://registry.npmjs.org/', './ionic' ]
32 verbose url resolved https://registry.npmjs.org/ionic
33 verbose request where is https://registry.npmjs.org/ionic
34 info trying registry request attempt 1 at 21:52:34
35 http GET https://registry.npmjs.org/ionic
36 silly addNameRange { name: 'cordova', range: '*', hasData: false }
37 verbose request where is /cordova
38 verbose request registry https://registry.npmjs.org/
39 verbose url raw /cordova
40 verbose url resolving [ 'https://registry.npmjs.org/', './cordova' ]
41 verbose url resolved https://registry.npmjs.org/cordova
42 verbose request where is https://registry.npmjs.org/cordova
43 info trying registry request attempt 1 at 21:52:34
44 http GET https://registry.npmjs.org/cordova
45 http 200 https://registry.npmjs.org/cordova
46 silly registry.get cb [ 200,
46 silly registry.get   { server: 'CouchDB/1.5.0 (Erlang OTP/R16B03)',
46 silly registry.get     etag: '"CHTP6Z7IEZ5MQODAPIGSTCZPS"',
46 silly registry.get     'content-type': 'application/json',
46 silly registry.get     'cache-control': 'max-age=60',
46 silly registry.get     'content-length': '351958',
46 silly registry.get     'accept-ranges': 'bytes',
46 silly registry.get     date: 'Sun, 21 Jun 2015 03:52:34 GMT',
46 silly registry.get     via: '1.1 varnish',
46 silly registry.get     age: '0',
46 silly registry.get     connection: 'keep-alive',
46 silly registry.get     'x-served-by': 'cache-lax1432-LAX',
46 silly registry.get     'x-cache': 'HIT',
46 silly registry.get     'x-cache-hits': '1',
46 silly registry.get     'x-timer': 'S1434858754.718306,VS0,VE84',
46 silly registry.get     vary: 'Accept' } ]
47 silly addNameRange number 2 { name: 'cordova', range: '*', hasData: true }
48 silly addNameRange versions [ 'cordova',
48 silly addNameRange   [ '0.0.1',
48 silly addNameRange     '0.0.2',
48 silly addNameRange     '0.0.3',
48 silly addNameRange     '0.0.4',
48 silly addNameRange     '0.0.5',
48 silly addNameRange     '0.0.6',
48 silly addNameRange     '0.0.7',
48 silly addNameRange     '0.0.8',
48 silly addNameRange     '0.0.9',
48 silly addNameRange     '0.1.0',
48 silly addNameRange     '0.1.1',
48 silly addNameRange     '0.1.2',
48 silly addNameRange     '0.1.3',
48 silly addNameRange     '0.1.4',
48 silly addNameRange     '0.1.5',
48 silly addNameRange     '0.1.6',
48 silly addNameRange     '0.1.7',
48 silly addNameRange     '0.1.8',
48 silly addNameRange     '0.1.9',
48 silly addNameRange     '0.1.10',
48 silly addNameRange     '0.1.11',
48 silly addNameRange     '0.1.12',
48 silly addNameRange     '0.1.13',
48 silly addNameRange     '0.1.14',
48 silly addNameRange     '2.2.0',
48 silly addNameRange     '2.3.0',
48 silly addNameRange     '2.3.1',
48 silly addNameRange     '2.3.2',
48 silly addNameRange     '2.3.3',
48 silly addNameRange     '2.3.5',
48 silly addNameRange     '2.3.6',
48 silly addNameRange     '2.4.0',
48 silly addNameRange     '2.4.1',
48 silly addNameRange     '2.4.2',
48 silly addNameRange     '2.4.3',
48 silly addNameRange     '2.4.4',
48 silly addNameRange     '2.4.5',
48 silly addNameRange     '2.4.6',
48 silly addNameRange     '2.4.7',
48 silly addNameRange     '2.4.8',
48 silly addNameRange     '2.4.9',
48 silly addNameRange     '2.4.10',
48 silly addNameRange     '2.5.0',
48 silly addNameRange     '2.5.2',
48 silly addNameRange     '2.5.3',
48 silly addNameRange     '2.5.4',
48 silly addNameRange     '2.5.5',
48 silly addNameRange     '2.6.0',
48 silly addNameRange     '2.6.1',
48 silly addNameRange     '2.6.2',
48 silly addNameRange     '2.7.0-rc.1',
48 silly addNameRange     '2.7.1-rc.1',
48 silly addNameRange     '2.7.2',
48 silly addNameRange     '2.7.3',
48 silly addNameRange     '2.7.4',
48 silly addNameRange     '2.8.0',
48 silly addNameRange     '2.8.1',
48 silly addNameRange     '2.8.2',
48 silly addNameRange     '2.8.3',
48 silly addNameRange     '2.8.4',
48 silly addNameRange     '2.8.5',
48 silly addNameRange     '2.8.6',
48 silly addNameRange     '2.8.7',
48 silly addNameRange     '2.8.8',
48 silly addNameRange     '2.8.9',
48 silly addNameRange     '2.8.10',
48 silly addNameRange     '2.8.11',
48 silly addNameRange     '2.8.12',
48 silly addNameRange     '2.8.13',
48 silly addNameRange     '2.8.14',
48 silly addNameRange     '2.8.15',
48 silly addNameRange     '2.8.16',
48 silly addNameRange     '2.8.17',
48 silly addNameRange     '2.8.18',
48 silly addNameRange     '2.8.19',
48 silly addNameRange     '2.8.20',
48 silly addNameRange     '2.8.21',
48 silly addNameRange     '2.8.22',
48 silly addNameRange     '2.8.23',
48 silly addNameRange     '2.8.24',
48 silly addNameRange     '2.8.25',
48 silly addNameRange     '2.9.0',
48 silly addNameRange     '2.9.1',
48 silly addNameRange     '2.9.2',
48 silly addNameRange     '2.9.3',
48 silly addNameRange     '2.9.4',
48 silly addNameRange     '2.9.5',
48 silly addNameRange     '2.9.6',
48 silly addNameRange     '2.9.7',
48 silly addNameRange     '3.0.0-rc1',
48 silly addNameRange     '3.0.0-rc1-1',
48 silly addNameRange     '3.0.0-rc1-3',
48 silly addNameRange     '3.0.0',
48 silly addNameRange     '3.0.1',
48 silly addNameRange     '3.0.2',
48 silly addNameRange     '3.0.3',
48 silly addNameRange     '3.0.4',
48 silly addNameRange     '3.0.5',
48 silly addNameRange     '3.0.6',
48 silly addNameRange     '3.0.7',
48 silly addNameRange     '3.0.8',
48 silly addNameRange     '3.0.9',
48 silly addNameRange     '3.0.10',
48 silly addNameRange     '3.1.0-0.1.0',
48 silly addNameRange     '3.1.0-0.2.0',
48 silly addNameRange     '3.2.0-rc.1',
48 silly addNameRange     '3.2.0-0.1.0',
48 silly addNameRange     '3.2.0-0.2.0',
48 silly addNameRange     '3.2.0-0.3.0',
48 silly addNameRange     '3.2.0-0.4.0',
48 silly addNameRange     '3.3.0-rc.1',
48 silly addNameRange     '3.3.0-0.1.1',
48 silly addNameRange     '3.3.1-0.1.2',
48 silly addNameRange     '2.9.0-rc1',
48 silly addNameRange     '3.3.1-0.3.0',
48 silly addNameRange     '3.3.1-0.3.1',
48 silly addNameRange     '3.3.1-0.4.1',
48 silly addNameRange     '3.3.1-0.4.2',
48 silly addNameRange     '3.4.0-0.1.0',
48 silly addNameRange     '3.4.0-0.1.1',
48 silly addNameRange     '3.4.0-0.1.2',
48 silly addNameRange     '3.4.0-0.1.3',
48 silly addNameRange     '0.0.0-fake',
48 silly addNameRange     '3.4.1-0.1.0',
48 silly addNameRange     '3.5.0-0.2.0',
48 silly addNameRange     '3.5.0-0.2.1',
48 silly addNameRange     '3.5.0-0.2.2',
48 silly addNameRange     '3.5.0-0.2.3',
48 silly addNameRange     '3.5.0-0.2.4',
48 silly addNameRange     '3.5.0-0.2.6',
48 silly addNameRange     '3.5.0-0.2.7',
48 silly addNameRange     '3.6.0-0.2.8',
48 silly addNameRange     '3.6.0-0.2.9',
48 silly addNameRange     '3.6.1-0.2.10',
48 silly addNameRange     '3.6.3-0.2.11',
48 silly addNameRange     '3.6.3-0.2.12',
48 silly addNameRange     '3.6.3-0.2.13',
48 silly addNameRange     '4.0.0',
48 silly addNameRange     '4.0.1',
48 silly addNameRange     '4.1.0',
48 silly addNameRange     '4.1.1',
48 silly addNameRange     '4.1.2',
48 silly addNameRange     '4.1.3-nightly.2014.10.21',
48 silly addNameRange     '4.2.0',
48 silly addNameRange     '4.3.0',
48 silly addNameRange     '5.0.0',
48 silly addNameRange     '4.3.1',
48 silly addNameRange     '5.1.1' ] ]
49 verbose addNamed [ 'cordova', '5.1.1' ]
50 verbose addNamed [ '5.1.1', '5.1.1' ]
51 silly lockFile c5c08e8f-cordova-5-1-1 cordova@5.1.1
52 verbose lock cordova@5.1.1 /Users/JakeCox/.npm/c5c08e8f-cordova-5-1-1.lock
53 silly lockFile d083a94d-js-org-cordova-cordova-5-1-1-tgz https://registry.npmjs.org/cordova/-/cordova-5.1.1.tgz
54 verbose lock https://registry.npmjs.org/cordova/-/cordova-5.1.1.tgz /Users/JakeCox/.npm/d083a94d-js-org-cordova-cordova-5-1-1-tgz.lock
55 verbose addRemoteTarball [ 'https://registry.npmjs.org/cordova/-/cordova-5.1.1.tgz',
55 verbose addRemoteTarball   'a9da84a4b42eac67d4b661246c7a6704c350eaae' ]
56 info retry fetch attempt 1 at 21:52:34
57 verbose fetch to= /var/folders/57/xj0k1lv95cq9ww4dpcy8y9_80000gn/T/npm-69085-EpV3ykGC/registry.npmjs.org/cordova/-/cordova-5.1.1.tgz
58 http GET https://registry.npmjs.org/cordova/-/cordova-5.1.1.tgz
59 http 200 https://registry.npmjs.org/ionic
60 silly registry.get cb [ 200,
60 silly registry.get   { server: 'CouchDB/1.5.0 (Erlang OTP/R16B03)',
60 silly registry.get     etag: '"3RK6YE5L1SM57Q28YTK1VEFJZ"',
60 silly registry.get     'content-type': 'application/json',
60 silly registry.get     'cache-control': 'max-age=60',
60 silly registry.get     'content-length': '435008',
60 silly registry.get     'accept-ranges': 'bytes',
60 silly registry.get     date: 'Sun, 21 Jun 2015 03:52:34 GMT',
60 silly registry.get     via: '1.1 varnish',
60 silly registry.get     age: '0',
60 silly registry.get     connection: 'keep-alive',
60 silly registry.get     'x-served-by': 'cache-lax1428-LAX',
60 silly registry.get     'x-cache': 'MISS',
60 silly registry.get     'x-cache-hits': '0',
60 silly registry.get     'x-timer': 'S1434858754.724465,VS0,VE198',
60 silly registry.get     vary: 'Accept' } ]
61 silly addNameRange number 2 { name: 'ionic', range: '*', hasData: true }
62 silly addNameRange versions [ 'ionic',
62 silly addNameRange   [ '0.9.6',
62 silly addNameRange     '0.9.8',
62 silly addNameRange     '0.9.9',
62 silly addNameRange     '0.9.10',
62 silly addNameRange     '0.9.11',
62 silly addNameRange     '0.9.12',
62 silly addNameRange     '0.9.13',
62 silly addNameRange     '0.9.14',
62 silly addNameRange     '0.9.15',
62 silly addNameRange     '0.9.16',
62 silly addNameRange     '1.0.0-beta.1',
62 silly addNameRange     '1.0.0-beta',
62 silly addNameRange     '1.0.1-beta',
62 silly addNameRange     '1.0.3-beta',
62 silly addNameRange     '1.0.4',
62 silly addNameRange     '1.0.5',
62 silly addNameRange     '1.0.6',
62 silly addNameRange     '1.0.7',
62 silly addNameRange     '1.0.8',
62 silly addNameRange     '1.0.9',
62 silly addNameRange     '1.0.10',
62 silly addNameRange     '1.0.11',
62 silly addNameRange     '1.0.12',
62 silly addNameRange     '1.0.13',
62 silly addNameRange     '1.0.14',
62 silly addNameRange     '1.0.15',
62 silly addNameRange     '1.0.16',
62 silly addNameRange     '1.0.17',
62 silly addNameRange     '1.1.0-beta1',
62 silly addNameRange     '1.1.0-beta2',
62 silly addNameRange     '1.1.0-beta3',
62 silly addNameRange     '1.1.0-beta4',
62 silly addNameRange     '1.1.0-beta5',
62 silly addNameRange     '1.1.0-beta6',
62 silly addNameRange     '1.1.0',
62 silly addNameRange     '1.1.1-beta1',
62 silly addNameRange     '1.1.1-beta2',
62 silly addNameRange     '1.1.1-beta3',
62 silly addNameRange     '1.1.1',
62 silly addNameRange     '1.1.3',
62 silly addNameRange     '1.1.4',
62 silly addNameRange     '1.1.5-beta1',
62 silly addNameRange     '1.1.5-beta2',
62 silly addNameRange     '1.1.5-beta3',
62 silly addNameRange     '1.1.5-beta4',
62 silly addNameRange     '1.1.5-beta5',
62 silly addNameRange     '1.1.5',
62 silly addNameRange     '1.1.6',
62 silly addNameRange     '1.1.7-beta1',
62 silly addNameRange     '1.1.7',
62 silly addNameRange     '1.1.8-beta1',
62 silly addNameRange     '1.1.8-beta2',
62 silly addNameRange     '1.1.8-beta3',
62 silly addNameRange     '1.1.8-beta4',
62 silly addNameRange     '1.1.8-beta5',
62 silly addNameRange     '1.1.8',
62 silly addNameRange     '1.1.9-beta1',
62 silly addNameRange     '1.1.9',
62 silly addNameRange     '1.1.10',
62 silly addNameRange     '1.1.11-beta1',
62 silly addNameRange     '1.1.11-beta2',
62 silly addNameRange     '1.1.11',
62 silly addNameRange     '1.1.12-beta1',
62 silly addNameRange     '1.1.12-beta2',
62 silly addNameRange     '1.1.12-beta3',
62 silly addNameRange     '1.1.12',
62 silly addNameRange     '1.1.13',
62 silly addNameRange     '1.1.14-beta1',
62 silly addNameRange     '1.1.14-beta2',
62 silly addNameRange     '1.1.14-beta3',
62 silly addNameRange     '1.2.0-beta1',
62 silly addNameRange     '1.2.0',
62 silly addNameRange     '1.2.1-beta1',
62 silly addNameRange     '1.2.1-beta2',
62 silly addNameRange     '1.2.1-beta3',
62 silly addNameRange     '1.2.1-beta4',
62 silly addNameRange     '1.2.1',
62 silly addNameRange     '1.2.2',
62 silly addNameRange     '1.2.3-beta1',
62 silly addNameRange     '1.2.3-beta2',
62 silly addNameRange     '1.2.3-beta3',
62 silly addNameRange     '1.2.3',
62 silly addNameRange     '1.2.4-beta1',
62 silly addNameRange     '1.2.4-beta2',
62 silly addNameRange     '1.2.4-beta3',
62 silly addNameRange     '1.2.4',
62 silly addNameRange     '1.2.5-beta1',
62 silly addNameRange     '1.2.5-beta2',
62 silly addNameRange     '1.2.5-beta3',
62 silly addNameRange     '1.2.5',
62 silly addNameRange     '1.2.6-beta1',
62 silly addNameRange     '1.2.6-beta2',
62 silly addNameRange     '1.2.6-beta3',
62 silly addNameRange     '1.2.6',
62 silly addNameRange     '1.2.7',
62 silly addNameRange     '1.2.8-beta1',
62 silly addNameRange     '1.2.8-beta2',
62 silly addNameRange     '1.2.8',
62 silly addNameRange     '1.2.9',
62 silly addNameRange     '1.2.10',
62 silly addNameRange     '1.2.11',
62 silly addNameRange     '1.2.12',
62 silly addNameRange     '1.2.13',
62 silly addNameRange     '1.2.14-beta1',
62 silly addNameRange     '1.2.14-beta2',
62 silly addNameRange     '1.2.14-beta3',
62 silly addNameRange     '1.2.14-beta4',
62 silly addNameRange     '1.2.14-beta5',
62 silly addNameRange     '1.2.14-beta6',
62 silly addNameRange     '1.2.14',
62 silly addNameRange     '1.3.0-beta1',
62 silly addNameRange     '1.3.0',
62 silly addNameRange     '1.3.1',
62 silly addNameRange     '1.3.2',
62 silly addNameRange     '1.3.3',
62 silly addNameRange     '1.3.4',
62 silly addNameRange     '1.3.5',
62 silly addNameRange     '1.3.6',
62 silly addNameRange     '1.3.7',
62 silly addNameRange     '1.3.8',
62 silly addNameRange     '1.3.9',
62 silly addNameRange     '1.3.10',
62 silly addNameRange     '1.4.0-alpha.1',
62 silly addNameRange     '1.3.11',
62 silly addNameRange     '1.3.1-1.alpha.0',
62 silly addNameRange     '1.4.0-alpha.2',
62 silly addNameRange     '1.3.12',
62 silly addNameRange     '1.3.12-beta.1',
62 silly addNameRange     '1.3.12-beta.2',
62 silly addNameRange     '1.3.13-beta.0',
62 silly addNameRange     '1.3.1-3.beta.1',
62 silly addNameRange     '1.3.1-3.beta.2',
62 silly addNameRange     '1.3.13',
62 silly addNameRange     '1.3.1-3.beta.4',
62 silly addNameRange     '1.3.14-beta',
62 silly addNameRange     '1.3.14-beta.1',
62 silly addNameRange     '1.4.0-alpha.3',
62 silly addNameRange     '1.3.14',
62 silly addNameRange     '1.4.0-alpha.4',
62 silly addNameRange     '1.4.0-alpha.5',
62 silly addNameRange     '1.3.15-beta.0',
62 silly addNameRange     '1.3.15-beta.1',
62 silly addNameRange     '1.3.15-beta.2',
62 silly addNameRange     '1.3.15-beta.3',
62 silly addNameRange     '1.3.15-beta.4',
62 silly addNameRange     '1.3.15',
62 silly addNameRange     '1.3.16',
62 silly addNameRange     '1.4.0-alpha.6',
62 silly addNameRange     '1.3.17-beta.0',
62 silly addNameRange     '1.3.17-beta.1',
62 silly addNameRange     '1.3.17-beta.2',
62 silly addNameRange     '1.3.17-beta.3',
62 silly addNameRange     '1.3.1-7.beta.4',
62 silly addNameRange     '1.3.17',
62 silly addNameRange     '1.3.18-beta.0',
62 silly addNameRange     '1.3.18-beta.1',
62 silly addNameRange     '1.3.18-beta.2',
62 silly addNameRange     '1.3.18-beta.3',
62 silly addNameRange     '1.3.18',
62 silly addNameRange     '1.3.19-beta.0',
62 silly addNameRange     '1.3.19-beta.1',
62 silly addNameRange     '1.3.19-beta.2',
62 silly addNameRange     '1.3.19-beta.3',
62 silly addNameRange     '1.3.19-beta.4',
62 silly addNameRange     '1.3.19',
62 silly addNameRange     '1.3.20',
62 silly addNameRange     '1.4.1-beta.0',
62 silly addNameRange     '1.4.0-beta.1',
62 silly addNameRange     '1.4.0-beta.2',
62 silly addNameRange     '1.4.0-beta.3',
62 silly addNameRange     '1.4.0-beta.5',
62 silly addNameRange     '1.4.0-beta.6',
62 silly addNameRange     '1.4.0-beta.7',
62 silly addNameRange     '1.3.21-beta.0',
62 silly addNameRange     '1.3.21-beta.1',
62 silly addNameRange     '1.3.21',
62 silly addNameRange     '1.3.22',
62 silly addNameRange     '1.4.0-beta.8',
62 silly addNameRange     '1.4.0-beta.9',
62 silly addNameRange     '1.4.0-beta.10',
62 silly addNameRange     '1.4.0-beta.11',
62 silly addNameRange     '1.4.0-beta.12',
62 silly addNameRange     '1.4.0-beta.13',
62 silly addNameRange     '1.4.0-beta.14',
62 silly addNameRange     '1.4.0-beta.15',
62 silly addNameRange     '1.4.0-beta.16',
62 silly addNameRange     '1.4.0-beta.17',
62 silly addNameRange     '1.4.0-beta.18',
62 silly addNameRange     '1.4.0',
62 silly addNameRange     '1.4.1',
62 silly addNameRange     '1.4.2',
62 silly addNameRange     '1.4.3',
62 silly addNameRange     '1.4.4-beta.0',
62 silly addNameRange     '1.4.4-beta.2',
62 silly addNameRange     '1.4.4',
62 silly addNameRange     '1.4.5-beta.0',
62 silly addNameRange     '1.4.5-beta.1',
62 silly addNameRange     '1.4.5-beta.2',
62 silly addNameRange     '1.4.5-beta.3',
62 silly addNameRange     '1.4.5',
62 silly addNameRange     '1.4.6-beta.0',
62 silly addNameRange     '1.4.6',
62 silly addNameRange     '1.4.7',
62 silly addNameRange     '1.4.8',
62 silly addNameRange     '1.5.0-beta.0',
62 silly addNameRange     '1.5.0-beta.1',
62 silly addNameRange     '1.5.0',
62 silly addNameRange     '1.5.1-beta.0',
62 silly addNameRange     '1.5.1-beta.1',
62 silly addNameRange     '1.5.1-beta.2',
62 silly addNameRange     '1.5.1-beta.3',
62 silly addNameRange     '1.5.1-beta.4',
62 silly addNameRange     '1.5.1',
62 silly addNameRange     '1.5.2',
62 silly addNameRange     '1.5.3',
62 silly addNameRange     '1.5.4',
62 silly addNameRange     '1.5.5' ] ]
63 verbose addNamed [ 'ionic', '1.5.5' ]
64 verbose addNamed [ '1.5.5', '1.5.5' ]
65 silly lockFile 3b153812-ionic-1-5-5 ionic@1.5.5
66 verbose lock ionic@1.5.5 /Users/JakeCox/.npm/3b153812-ionic-1-5-5.lock
67 silly lockFile 25d02e90--npmjs-org-ionic-ionic-1-5-5-tgz https://registry.npmjs.org/ionic/-/ionic-1.5.5.tgz
68 verbose lock https://registry.npmjs.org/ionic/-/ionic-1.5.5.tgz /Users/JakeCox/.npm/25d02e90--npmjs-org-ionic-ionic-1-5-5-tgz.lock
69 verbose addRemoteTarball [ 'https://registry.npmjs.org/ionic/-/ionic-1.5.5.tgz',
69 verbose addRemoteTarball   '46bd9316c5c2383f6aa72c602001fa0c4596c448' ]
70 info retry fetch attempt 1 at 21:52:35
71 verbose fetch to= /var/folders/57/xj0k1lv95cq9ww4dpcy8y9_80000gn/T/npm-69085-EpV3ykGC/registry.npmjs.org/ionic/-/ionic-1.5.5.tgz
72 http GET https://registry.npmjs.org/ionic/-/ionic-1.5.5.tgz
73 http 200 https://registry.npmjs.org/cordova/-/cordova-5.1.1.tgz
74 silly lockFile d083a94d-js-org-cordova-cordova-5-1-1-tgz https://registry.npmjs.org/cordova/-/cordova-5.1.1.tgz
75 silly lockFile d083a94d-js-org-cordova-cordova-5-1-1-tgz https://registry.npmjs.org/cordova/-/cordova-5.1.1.tgz
76 silly lockFile c5c08e8f-cordova-5-1-1 cordova@5.1.1
77 silly lockFile c5c08e8f-cordova-5-1-1 cordova@5.1.1
78 silly lockFile de8d9fad-cordova cordova@
79 silly lockFile de8d9fad-cordova cordova@
80 http 200 https://registry.npmjs.org/ionic/-/ionic-1.5.5.tgz
81 silly lockFile 25d02e90--npmjs-org-ionic-ionic-1-5-5-tgz https://registry.npmjs.org/ionic/-/ionic-1.5.5.tgz
82 silly lockFile 25d02e90--npmjs-org-ionic-ionic-1-5-5-tgz https://registry.npmjs.org/ionic/-/ionic-1.5.5.tgz
83 silly lockFile 3b153812-ionic-1-5-5 ionic@1.5.5
84 silly lockFile 3b153812-ionic-1-5-5 ionic@1.5.5
85 silly lockFile 966fc04a-ionic ionic@
86 silly lockFile 966fc04a-ionic ionic@
87 silly resolved [ { name: 'cordova',
87 silly resolved     version: '5.1.1',
87 silly resolved     preferGlobal: 'true',
87 silly resolved     description: 'Cordova command line interface tool',
87 silly resolved     main: 'cordova',
87 silly resolved     engines: { node: '>=0.9.9' },
87 silly resolved     engineStrict: true,
87 silly resolved     bin: { cordova: './bin/cordova' },
87 silly resolved     scripts:
87 silly resolved      { test: 'node node_modules/jasmine-node/bin/jasmine-node --captureExceptions --color spec',
87 silly resolved        cover: 'node node_modules/istanbul/lib/cli.js cover --root src --print detail node_modules/jasmine-node/bin/jasmine-node -- spec' },
87 silly resolved     repository:
87 silly resolved      { type: 'git',
87 silly resolved        url: 'https://git-wip-us.apache.org/repos/asf/cordova-cli.git' },
87 silly resolved     bugs:
87 silly resolved      { url: 'https://issues.apache.org/jira/browse/CB',
87 silly resolved        email: 'dev@cordova.apache.org' },
87 silly resolved     keywords: [ 'cordova', 'client', 'cli' ],
87 silly resolved     dependencies:
87 silly resolved      { 'cordova-lib': '5.1.1',
87 silly resolved        q: '1.0.1',
87 silly resolved        nopt: '3.0.1',
87 silly resolved        underscore: '1.7.0' },
87 silly resolved     devDependencies:
87 silly resolved      { istanbul: '^0.3.4',
87 silly resolved        grunt: '0.4.5',
87 silly resolved        'grunt-retire': '0.3.7',
87 silly resolved        'jasmine-node': '1.14.5' },
87 silly resolved     author: { name: 'Anis Kadri' },
87 silly resolved     contributors:
87 silly resolved      [ [Object],
87 silly resolved        [Object],
87 silly resolved        [Object],
87 silly resolved        [Object],
87 silly resolved        [Object],
87 silly resolved        [Object],
87 silly resolved        [Object],
87 silly resolved        [Object],
87 silly resolved        [Object],
87 silly resolved        [Object],
87 silly resolved        [Object],
87 silly resolved        [Object],
87 silly resolved        [Object],
87 silly resolved        [Object],
87 silly resolved        [Object],
87 silly resolved        [Object],
87 silly resolved        [Object],
87 silly resolved        [Object],
87 silly resolved        [Object],
87 silly resolved        [Object],
87 silly resolved        [Object],
87 silly resolved        [Object],
87 silly resolved        [Object],
87 silly resolved        [Object] ],
87 silly resolved     license: 'Apache version 2.0',
87 silly resolved     _id: 'cordova@5.1.1',
87 silly resolved     _shasum: 'a9da84a4b42eac67d4b661246c7a6704c350eaae',
87 silly resolved     _resolved: 'https://registry.npmjs.org/cordova/-/cordova-5.1.1.tgz',
87 silly resolved     _from: 'cordova@',
87 silly resolved     _npmVersion: '2.9.1',
87 silly resolved     _nodeVersion: '0.10.36',
87 silly resolved     _npmUser: { name: 'stevegill', email: 'stevengill97@gmail.com' },
87 silly resolved     dist:
87 silly resolved      { shasum: 'a9da84a4b42eac67d4b661246c7a6704c350eaae',
87 silly resolved        tarball: 'http://registry.npmjs.org/cordova/-/cordova-5.1.1.tgz' },
87 silly resolved     maintainers:
87 silly resolved      [ [Object],
87 silly resolved        [Object],
87 silly resolved        [Object],
87 silly resolved        [Object],
87 silly resolved        [Object],
87 silly resolved        [Object],
87 silly resolved        [Object],
87 silly resolved        [Object],
87 silly resolved        [Object],
87 silly resolved        [Object],
87 silly resolved        [Object],
87 silly resolved        [Object],
87 silly resolved        [Object],
87 silly resolved        [Object],
87 silly resolved        [Object],
87 silly resolved        [Object],
87 silly resolved        [Object] ],
87 silly resolved     directories: {} },
87 silly resolved   { name: 'ionic',
87 silly resolved     version: '1.5.5',
87 silly resolved     preferGlobal: true,
87 silly resolved     description: 'A tool for creating and developing Ionic Framework mobile apps.',
87 silly resolved     homepage: 'http://ionicframework.com/',
87 silly resolved     bin: { ionic: 'bin/ionic' },
87 silly resolved     scripts:
87 silly resolved      { bump: 'node lib/tasks/bumpversion',
87 silly resolved        'beta-bump': 'node lib/tasks/bumpversion --level pre --identifier beta',
87 silly resolved        'publish-release': 'node lib/tasks/bumpversion --npmPublish',
87 silly resolved        'publish-tag': 'node lib/tasks/bumpversion --level beta --npmPublishTag',
87 silly resolved        'full-release': 'node lib/tasks/bumpversion --npmInstall --git --npmPublish',
87 silly resolved        test: 'npm run jasmine',
87 silly resolved        e2e: 'jasmine-node --captureExceptions ./e2e',
87 silly resolved        jasmine: 'jasmine-node --captureExceptions  ./spec' },
87 silly resolved     keywords:
87 silly resolved      [ 'ionic',
87 silly resolved        'ionic framework',
87 silly resolved        'ionicframework',
87 silly resolved        'mobile',
87 silly resolved        'app',
87 silly resolved        'hybrid',
87 silly resolved        'cordova',
87 silly resolved        'phonegap' ],
87 silly resolved     repository:
87 silly resolved      { type: 'git',
87 silly resolved        url: 'git+https://github.com/driftyco/ionic-cli.git' },
87 silly resolved     contributors: [ [Object], [Object], [Object], [Object] ],
87 silly resolved     license: 'MIT',
87 silly resolved     dependencies:
87 silly resolved      { async: '^0.9.0',
87 silly resolved        cheerio: '^0.19.0',
87 silly resolved        'cli-table': '^0.3.1',
87 silly resolved        colors: '0.6.2',
87 silly resolved        connect: '3.1.1',
87 silly resolved        'connect-livereload': '0.5.2',
87 silly resolved        crc: '3.2.1',
87 silly resolved        'cross-spawn': '0.2.3',
87 silly resolved        'event-stream': '3.0.x',
87 silly resolved        finalhandler: '0.2.0',
87 silly resolved        'form-data': '0.1.4',
87 silly resolved        gulp: '3.8.8',
87 silly resolved        'ionic-app-lib': '0.2.2',
87 silly resolved        ncp: '0.4.2',
87 silly resolved        npm: '2.1.3',
87 silly resolved        'opbeat-ionic': '^1.1.3',
87 silly resolved        open: '0.0.5',
87 silly resolved        optimist: '0.6.0',
87 silly resolved        progress: '1.1.7',
87 silly resolved        prompt: '0.2.12',
87 silly resolved        'proxy-middleware': '^0.7.0',
87 silly resolved        q: '1.0.1',
87 silly resolved        request: '2.51.0',
87 silly resolved        semver: '^4.2.0',
87 silly resolved        'serve-static': '1.7.1',
87 silly resolved        shelljs: '0.2.6',
87 silly resolved        'tiny-lr-fork': '0.0.5',
87 silly resolved        underscore: '~1.7.0',
87 silly resolved        unzip: '0.1.9',
87 silly resolved        'vinyl-fs': '0.3.7',
87 silly resolved        xml2js: '0.4.4' },
87 silly resolved     devDependencies: { 'jasmine-node': '^1.14.5' },
87 silly resolved     gitHead: '4c2f0d2fe25de86f3d773a4fdb87072d086b8dee',
87 silly resolved     bugs: { url: 'https://github.com/driftyco/ionic-cli/issues' },
87 silly resolved     _id: 'ionic@1.5.5',
87 silly resolved     _shasum: '46bd9316c5c2383f6aa72c602001fa0c4596c448',
87 silly resolved     _from: 'ionic@',
87 silly resolved     _npmVersion: '2.10.1',
87 silly resolved     _nodeVersion: '0.12.4',
87 silly resolved     _npmUser: { name: 'jbavari', email: 'jbavari@gmail.com' },
87 silly resolved     dist:
87 silly resolved      { shasum: '46bd9316c5c2383f6aa72c602001fa0c4596c448',
87 silly resolved        tarball: 'http://registry.npmjs.org/ionic/-/ionic-1.5.5.tgz' },
87 silly resolved     maintainers: [ [Object], [Object], [Object] ],
87 silly resolved     directories: {},
87 silly resolved     _resolved: 'https://registry.npmjs.org/ionic/-/ionic-1.5.5.tgz' } ]
88 info install cordova@5.1.1 into /usr/local/lib
89 info install ionic@1.5.5 into /usr/local/lib
90 info installOne cordova@5.1.1
91 info installOne ionic@1.5.5
92 verbose lib/node_modules/cordova unbuild
93 verbose lib/node_modules/ionic unbuild
94 verbose tar unpack /Users/JakeCox/.npm/cordova/5.1.1/package.tgz
95 silly lockFile 9557e84b-r-local-lib-node-modules-cordova tar:///usr/local/lib/node_modules/cordova
96 verbose lock tar:///usr/local/lib/node_modules/cordova /Users/JakeCox/.npm/9557e84b-r-local-lib-node-modules-cordova.lock
97 silly lockFile 80f72f77-ox-npm-cordova-5-1-1-package-tgz tar:///Users/JakeCox/.npm/cordova/5.1.1/package.tgz
98 verbose lock tar:///Users/JakeCox/.npm/cordova/5.1.1/package.tgz /Users/JakeCox/.npm/80f72f77-ox-npm-cordova-5-1-1-package-tgz.lock
99 verbose tar unpack /Users/JakeCox/.npm/ionic/1.5.5/package.tgz
100 silly lockFile 49903aa3-usr-local-lib-node-modules-ionic tar:///usr/local/lib/node_modules/ionic
101 verbose lock tar:///usr/local/lib/node_modules/ionic /Users/JakeCox/.npm/49903aa3-usr-local-lib-node-modules-ionic.lock
102 silly lockFile d11dcb9d-eCox-npm-ionic-1-5-5-package-tgz tar:///Users/JakeCox/.npm/ionic/1.5.5/package.tgz
103 verbose lock tar:///Users/JakeCox/.npm/ionic/1.5.5/package.tgz /Users/JakeCox/.npm/d11dcb9d-eCox-npm-ionic-1-5-5-package-tgz.lock
104 silly gunzTarPerm modes [ '755', '644' ]
105 silly gunzTarPerm modes [ '755', '644' ]
106 error Error: EACCES, mkdir '/usr/local/lib/node_modules/cordova'
106 error  { [Error: EACCES, mkdir '/usr/local/lib/node_modules/cordova']
106 error   errno: 3,
106 error   code: 'EACCES',
106 error   path: '/usr/local/lib/node_modules/cordova',
106 error   fstream_type: 'Directory',
106 error   fstream_path: '/usr/local/lib/node_modules/cordova',
106 error   fstream_class: 'DirWriter',
106 error   fstream_stack:
106 error    [ '/usr/local/lib/node_modules/npm/node_modules/fstream/lib/dir-writer.js:36:23',
106 error      '/usr/local/lib/node_modules/npm/node_modules/mkdirp/index.js:46:53',
106 error      'Object.oncomplete (fs.js:108:15)' ] }
107 error Please try running this command again as root/Administrator.
108 error System Darwin 14.0.0
109 error command "/usr/local/bin/node" "/usr/local/bin/npm" "install" "-g" "cordova" "ionic"
110 error cwd /Users/JakeCox/Documents/public_html/hireme
111 error node -v v0.10.35
112 error npm -v 1.4.28
113 error path /usr/local/lib/node_modules/cordova
114 error fstream_path /usr/local/lib/node_modules/cordova
115 error fstream_type Directory
116 error fstream_class DirWriter
117 error code EACCES
118 error errno 3
119 error stack Error: EACCES, mkdir '/usr/local/lib/node_modules/cordova'
120 error fstream_stack /usr/local/lib/node_modules/npm/node_modules/fstream/lib/dir-writer.js:36:23
120 error fstream_stack /usr/local/lib/node_modules/npm/node_modules/mkdirp/index.js:46:53
120 error fstream_stack Object.oncomplete (fs.js:108:15)
121 verbose exit [ 3, true ]
